<?xml version="1.0" encoding="UTF-8"?>
<!-- Generated by org.testng.reporters.JUnitReportReporter -->
<testsuite hostname="DESKTOP-CAAB91C" failures="0" tests="5" name="com.crm.qa.testcases.HomePageTest" time="88.945" errors="0" timestamp="2021-08-19T07:50:27 PDT" skipped="0">
  <testcase classname="com.crm.qa.testcases.HomePageTest" name="verifyHomePageTitleTest" time="16.865"/>
  <system-out/>
  <testcase classname="com.crm.qa.testcases.HomePageTest" name="verifyUserNameTest" time="16.522"/>
  <system-out/>
  <testcase classname="com.crm.qa.testcases.HomePageTest" name="verifyContactLinkTest" time="20.349"/>
  <system-out/>
  <testcase classname="com.crm.qa.testcases.HomePageTest" name="verifyTasksLinkTest" time="16.341"/>
  <system-out/>
  <testcase classname="com.crm.qa.testcases.HomePageTest" name="verifyDealsLinkTest" time="18.868"/>
  <system-out/>
</testsuite> <!-- com.crm.qa.testcases.HomePageTest -->
